\BOOKMARK [1][-]{section.1}{Definici\363n del lenguaje}{}% 1
\BOOKMARK [2][-]{subsection.1.1}{Tipos de datos}{section.1}% 2
\BOOKMARK [2][-]{subsection.1.2}{Colecciones de datos: Arrays}{section.1}% 3
\BOOKMARK [2][-]{subsection.1.3}{Palabras reservadas y cambios de contexto}{section.1}% 4
\BOOKMARK [2][-]{subsection.1.4}{Comentarios}{section.1}% 5
\BOOKMARK [2][-]{subsection.1.5}{Tipos de operadores}{section.1}% 6
\BOOKMARK [3][-]{subsubsection.1.5.1}{Operadores aritm\351ticos}{subsection.1.5}% 7
\BOOKMARK [3][-]{subsubsection.1.5.2}{Operadores l\363gicos}{subsection.1.5}% 8
\BOOKMARK [3][-]{subsubsection.1.5.3}{Operadores bit a bit}{subsection.1.5}% 9
\BOOKMARK [3][-]{subsubsection.1.5.4}{Operadores de array}{subsection.1.5}% 10
\BOOKMARK [2][-]{subsection.1.6}{Estructuras de control}{section.1}% 11
\BOOKMARK [3][-]{subsubsection.1.6.1}{Sentencias if-ifelse-else}{subsection.1.6}% 12
\BOOKMARK [3][-]{subsubsection.1.6.2}{Bucle for-forelse-else}{subsection.1.6}% 13
\BOOKMARK [3][-]{subsubsection.1.6.3}{Bucle while-whileelse-else}{subsection.1.6}% 14
\BOOKMARK [2][-]{subsection.1.7}{Declaraci\363n, definici\363n y uso de funciones}{section.1}% 15
\BOOKMARK [2][-]{subsection.1.8}{Funciones primitivas}{section.1}% 16
\BOOKMARK [2][-]{subsection.1.9}{C\363digo ejemplo}{section.1}% 17
\BOOKMARK [1][-]{section.2}{An\341lisis l\351xico}{}% 18
\BOOKMARK [2][-]{subsection.2.1}{Introducci\363n}{section.2}% 19
\BOOKMARK [2][-]{subsection.2.2}{Tabla de tokens}{section.2}% 20
\BOOKMARK [2][-]{subsection.2.3}{Estados}{section.2}% 21
\BOOKMARK [1][-]{section.3}{An\341lisis sint\341ctico}{}% 22
\BOOKMARK [2][-]{subsection.3.1}{El analizador sint\341ctico}{section.3}% 23
\BOOKMARK [2][-]{subsection.3.2}{Ejemplo de an\341lisis sint\341ctico}{section.3}% 24
\BOOKMARK [1][-]{section.4}{Descenso recursivo}{}% 25
\BOOKMARK [2][-]{subsection.4.1}{Introducci\363n}{section.4}% 26
\BOOKMARK [2][-]{subsection.4.2}{Ejemplo de an\341lisis sint\341ctico por descenso recursivo}{section.4}% 27
\BOOKMARK [1][-]{section.5}{Tabla de s\355mbolos}{}% 28
\BOOKMARK [2][-]{subsection.5.1}{Introducci\363n}{section.5}% 29
\BOOKMARK [2][-]{subsection.5.2}{Operaciones de la tabla de s\355mbolos}{section.5}% 30
\BOOKMARK [2][-]{subsection.5.3}{Ejemplo de uso de la tabla de s\355mbolos}{section.5}% 31
\BOOKMARK [1][-]{section.6}{Generaci\363n de C\363digo}{}% 32
